<html>
<head>
<title>TestNG:  Default test(failed)</title>
<link href="../testng.css" rel="stylesheet" type="text/css" />
<link href="../my-testng.css" rel="stylesheet" type="text/css" />

<style type="text/css">
.log { display: none;} 
.stack-trace { display: none;} 
</style>
<script type="text/javascript">
<!--
function flip(e) {
  current = e.style.display;
  if (current == 'block') {
    e.style.display = 'none';
    return 0;
  }
  else {
    e.style.display = 'block';
    return 1;
  }
}

function toggleBox(szDivId, elem, msg1, msg2)
{
  var res = -1;  if (document.getElementById) {
    res = flip(document.getElementById(szDivId));
  }
  else if (document.all) {
    // this is the way old msie versions work
    res = flip(document.all[szDivId]);
  }
  if(elem) {
    if(res == 0) elem.innerHTML = msg1; else elem.innerHTML = msg2;
  }

}

function toggleAllBoxes() {
  if (document.getElementsByTagName) {
    d = document.getElementsByTagName('div');
    for (i = 0; i < d.length; i++) {
      if (d[i].className == 'log') {
        flip(d[i]);
      }
    }
  }
}

// -->
</script>

</head>
<body>
<h2 align='center'>Default test(failed)</h2><table border='1' align="center">
<tr>
<td>Tests passed/Failed/Skipped:</td><td>0/7/0</td>
</tr><tr>
<td>Started on:</td><td>Sat Nov 18 21:08:54 IST 2023</td>
</tr>
<tr><td>Total time:</td><td>23 seconds (23991 ms)</td>
</tr><tr>
<td>Included groups:</td><td></td>
</tr><tr>
<td>Excluded groups:</td><td></td>
</tr>
</table><p/>
<small><i>(Hover the method name to see the test class name)</i></small><p/>
<table width='100%' border='1' class='invocation-failed'>
<tr><td colspan='4' align='center'><b>FAILED TESTS</b></td></tr>
<tr><td><b>Test method</b></td>
<td><b>Attribute(s)</b></td>
<td width="30%"><b>Exception</b></td>
<td width="10%"><b>Time (seconds)</b></td>
<td><b>Instance</b></td>
</tr>
<tr>
<td title='com.purna.runner.RunPurnaTest.runScenario()'><b>runScenario</b><br>Test class: com.purna.runner.RunPurnaTest<br>Test method: Runs Cucumber Scenarios<br>Parameters: "Verify that user is able view purchase order successfully", "Purchase order functionality verification"</td>
<td><div><pre>org.openqa.selenium.NoSuchElementException: Cannot locate option with text: John
For documentation on this error, please visit: https://www.selenium.dev/documentation/webdriver/troubleshooting/errors#no-such-element-exception
Build info: version: &apos;4.14.1&apos;, revision: &apos;03f8ede370&apos;
System info: os.name: &apos;Windows 11&apos;, os.arch: &apos;amd64&apos;, os.version: &apos;10.0&apos;, java.version: &apos;17.0.8.1&apos;
Driver info: driver.version: unknown
	at org.openqa.selenium.support.ui.Select.selectByVisibleText(Select.java:153)
	at com.purna.libraries.Utilities.doDropDownUsingVisibleText(Utilities.java:175)
	at com.purna.stepdefinitions.PurchaseOrder_Stepdefinition.user_enters_below_purchase_invoice_details(PurchaseOrder_Stepdefinition.java:59)
	at ?.User enters purchase invoice details(file:///C:/Users/lenovo/web-ui-bdd-framework/src/test/resources/features/PurchaseOrder.feature:45)
</pre></div><a href='#' onClick='toggleBox("stack-trace1160343289", this, "Click to show all stack frames", "Click to hide stack frames")'>Click to show all stack frames</a>
<div class='stack-trace' id='stack-trace1160343289'><pre>org.openqa.selenium.NoSuchElementException: Cannot locate option with text: John
For documentation on this error, please visit: https://www.selenium.dev/documentation/webdriver/troubleshooting/errors#no-such-element-exception
Build info: version: &apos;4.14.1&apos;, revision: &apos;03f8ede370&apos;
System info: os.name: &apos;Windows 11&apos;, os.arch: &apos;amd64&apos;, os.version: &apos;10.0&apos;, java.version: &apos;17.0.8.1&apos;
Driver info: driver.version: unknown
	at org.openqa.selenium.support.ui.Select.selectByVisibleText(Select.java:153)
	at com.purna.libraries.Utilities.doDropDownUsingVisibleText(Utilities.java:175)
	at com.purna.stepdefinitions.PurchaseOrder_Stepdefinition.user_enters_below_purchase_invoice_details(PurchaseOrder_Stepdefinition.java:59)
	at ?.User enters purchase invoice details(file:///C:/Users/lenovo/web-ui-bdd-framework/src/test/resources/features/PurchaseOrder.feature:45)
</pre></div></td>
<td>21</td>
<td>com.purna.runner.RunPurnaTest@15043a2f</td></tr>
<tr>
<td title='com.purna.runner.RunPurnaTest.runScenario()'><b>runScenario</b><br>Test class: com.purna.runner.RunPurnaTest<br>Test method: Runs Cucumber Scenarios<br>Parameters: "Login Scenario one", "Login Verification"</td>
<td><div><pre>java.lang.AssertionError: expected:&lt;https://www.purnadata.in/PurnaDemo/index.php&gt; but was:&lt;null&gt;
	at org.junit.Assert.fail(Assert.java:93)
	at org.junit.Assert.failNotEquals(Assert.java:647)
	at org.junit.Assert.assertEquals(Assert.java:128)
	at org.junit.Assert.assertEquals(Assert.java:147)
	at com.purna.stepdefinitions.Login_StepDefinitions.user_should_navigates_to_sales_dashboard_page(Login_StepDefinitions.java:45)
	at ?.User should navigates to sales dashboard page(file:///C:/Users/lenovo/web-ui-bdd-framework/src/test/resources/features/Login.feature:20)
</pre></div><a href='#' onClick='toggleBox("stack-trace1207726094", this, "Click to show all stack frames", "Click to hide stack frames")'>Click to show all stack frames</a>
<div class='stack-trace' id='stack-trace1207726094'><pre>java.lang.AssertionError: expected:&lt;https://www.purnadata.in/PurnaDemo/index.php&gt; but was:&lt;null&gt;
	at org.junit.Assert.fail(Assert.java:93)
	at org.junit.Assert.failNotEquals(Assert.java:647)
	at org.junit.Assert.assertEquals(Assert.java:128)
	at org.junit.Assert.assertEquals(Assert.java:147)
	at com.purna.stepdefinitions.Login_StepDefinitions.user_should_navigates_to_sales_dashboard_page(Login_StepDefinitions.java:45)
	at ?.User should navigates to sales dashboard page(file:///C:/Users/lenovo/web-ui-bdd-framework/src/test/resources/features/Login.feature:20)
</pre></div></td>
<td>5</td>
<td>com.purna.runner.RunPurnaTest@15043a2f</td></tr>
<tr>
<td title='com.purna.runner.RunPurnaTest.runScenario()'><b>runScenario</b><br>Test class: com.purna.runner.RunPurnaTest<br>Test method: Runs Cucumber Scenarios<br>Parameters: "Verify that user is able delete purchase order successfully", "Purchase order functionality verification"</td>
<td><div><pre>org.openqa.selenium.NoSuchElementException: Cannot locate option with text: John
For documentation on this error, please visit: https://www.selenium.dev/documentation/webdriver/troubleshooting/errors#no-such-element-exception
Build info: version: &apos;4.14.1&apos;, revision: &apos;03f8ede370&apos;
System info: os.name: &apos;Windows 11&apos;, os.arch: &apos;amd64&apos;, os.version: &apos;10.0&apos;, java.version: &apos;17.0.8.1&apos;
Driver info: driver.version: unknown
	at org.openqa.selenium.support.ui.Select.selectByVisibleText(Select.java:153)
	at com.purna.libraries.Utilities.doDropDownUsingVisibleText(Utilities.java:175)
	at com.purna.stepdefinitions.PurchaseOrder_Stepdefinition.user_enters_below_purchase_invoice_details(PurchaseOrder_Stepdefinition.java:59)
	at ?.User enters purchase invoice details(file:///C:/Users/lenovo/web-ui-bdd-framework/src/test/resources/features/PurchaseOrder.feature:26)
</pre></div><a href='#' onClick='toggleBox("stack-trace1633614266", this, "Click to show all stack frames", "Click to hide stack frames")'>Click to show all stack frames</a>
<div class='stack-trace' id='stack-trace1633614266'><pre>org.openqa.selenium.NoSuchElementException: Cannot locate option with text: John
For documentation on this error, please visit: https://www.selenium.dev/documentation/webdriver/troubleshooting/errors#no-such-element-exception
Build info: version: &apos;4.14.1&apos;, revision: &apos;03f8ede370&apos;
System info: os.name: &apos;Windows 11&apos;, os.arch: &apos;amd64&apos;, os.version: &apos;10.0&apos;, java.version: &apos;17.0.8.1&apos;
Driver info: driver.version: unknown
	at org.openqa.selenium.support.ui.Select.selectByVisibleText(Select.java:153)
	at com.purna.libraries.Utilities.doDropDownUsingVisibleText(Utilities.java:175)
	at com.purna.stepdefinitions.PurchaseOrder_Stepdefinition.user_enters_below_purchase_invoice_details(PurchaseOrder_Stepdefinition.java:59)
	at ?.User enters purchase invoice details(file:///C:/Users/lenovo/web-ui-bdd-framework/src/test/resources/features/PurchaseOrder.feature:26)
</pre></div></td>
<td>21</td>
<td>com.purna.runner.RunPurnaTest@15043a2f</td></tr>
<tr>
<td title='com.purna.runner.RunPurnaTest.runScenario()'><b>runScenario</b><br>Test class: com.purna.runner.RunPurnaTest<br>Test method: Runs Cucumber Scenarios<br>Parameters: "Verify that user is able create purchase order successfully", "Purchase order functionality verification"</td>
<td><div><pre>java.lang.NullPointerException: Cannot invoke &quot;org.openqa.selenium.WebDriver.manage()&quot; because &quot;this.driver&quot; is null
	at com.purna.libraries.BaseClass.getWebDriver(BaseClass.java:71)
	at com.purna.stepdefinitions.Hooks.setUp(Hooks.java:24)
</pre></div><a href='#' onClick='toggleBox("stack-trace1151542374", this, "Click to show all stack frames", "Click to hide stack frames")'>Click to show all stack frames</a>
<div class='stack-trace' id='stack-trace1151542374'><pre>java.lang.NullPointerException: Cannot invoke &quot;org.openqa.selenium.WebDriver.manage()&quot; because &quot;this.driver&quot; is null
	at com.purna.libraries.BaseClass.getWebDriver(BaseClass.java:71)
	at com.purna.stepdefinitions.Hooks.setUp(Hooks.java:24)
</pre></div></td>
<td>0</td>
<td>com.purna.runner.RunPurnaTest@15043a2f</td></tr>
<tr>
<td title='com.purna.runner.RunPurnaTest.runScenario()'><b>runScenario</b><br>Test class: com.purna.runner.RunPurnaTest<br>Test method: Runs Cucumber Scenarios<br>Parameters: "Verify that sales invoice is created successfully", "Purna Sales invoice functionality"</td>
<td><div><pre>org.openqa.selenium.NoSuchElementException: Cannot locate option with value: Ms Dhoni
For documentation on this error, please visit: https://www.selenium.dev/documentation/webdriver/troubleshooting/errors#no-such-element-exception
Build info: version: &apos;4.14.1&apos;, revision: &apos;03f8ede370&apos;
System info: os.name: &apos;Windows 11&apos;, os.arch: &apos;amd64&apos;, os.version: &apos;10.0&apos;, java.version: &apos;17.0.8.1&apos;
Driver info: driver.version: unknown
	at org.openqa.selenium.support.ui.Select.findOptionsByValue(Select.java:289)
	at org.openqa.selenium.support.ui.Select.selectByValue(Select.java:194)
	at com.purna.libraries.Utilities.doDropDownUsingValue(Utilities.java:180)
	at com.purna.stepdefinitions.SalesInvoice_stepdefinition.user_enters_sales_invoice_details(SalesInvoice_stepdefinition.java:44)
	at ?.user enters sales invoice details(file:///C:/Users/lenovo/web-ui-bdd-framework/src/test/resources/features/SalesInvoice.feature:8)
</pre></div><a href='#' onClick='toggleBox("stack-trace1026461193", this, "Click to show all stack frames", "Click to hide stack frames")'>Click to show all stack frames</a>
<div class='stack-trace' id='stack-trace1026461193'><pre>org.openqa.selenium.NoSuchElementException: Cannot locate option with value: Ms Dhoni
For documentation on this error, please visit: https://www.selenium.dev/documentation/webdriver/troubleshooting/errors#no-such-element-exception
Build info: version: &apos;4.14.1&apos;, revision: &apos;03f8ede370&apos;
System info: os.name: &apos;Windows 11&apos;, os.arch: &apos;amd64&apos;, os.version: &apos;10.0&apos;, java.version: &apos;17.0.8.1&apos;
Driver info: driver.version: unknown
	at org.openqa.selenium.support.ui.Select.findOptionsByValue(Select.java:289)
	at org.openqa.selenium.support.ui.Select.selectByValue(Select.java:194)
	at com.purna.libraries.Utilities.doDropDownUsingValue(Utilities.java:180)
	at com.purna.stepdefinitions.SalesInvoice_stepdefinition.user_enters_sales_invoice_details(SalesInvoice_stepdefinition.java:44)
	at ?.user enters sales invoice details(file:///C:/Users/lenovo/web-ui-bdd-framework/src/test/resources/features/SalesInvoice.feature:8)
</pre></div></td>
<td>23</td>
<td>com.purna.runner.RunPurnaTest@15043a2f</td></tr>
<tr>
<td title='com.purna.runner.RunPurnaTest.runScenario()'><b>runScenario</b><br>Test class: com.purna.runner.RunPurnaTest<br>Test method: Runs Cucumber Scenarios<br>Parameters: "Verify that user is able to create supplier", "Verify Supplier module"</td>
<td><div><pre>org.openqa.selenium.NoSuchElementException: no such element: Unable to locate element: {&quot;method&quot;:&quot;xpath&quot;,&quot;selector&quot;:&quot;//td[text()=&apos;John&apos;]&quot;}
  (Session info: chrome=119.0.6045.160)
For documentation on this error, please visit: https://www.selenium.dev/documentation/webdriver/troubleshooting/errors#no-such-element-exception
Build info: version: &apos;4.14.1&apos;, revision: &apos;03f8ede370&apos;
System info: os.name: &apos;Windows 11&apos;, os.arch: &apos;amd64&apos;, os.version: &apos;10.0&apos;, java.version: &apos;17.0.8.1&apos;
Driver info: org.openqa.selenium.chrome.ChromeDriver
Command: [783487dcc8f1562b6b0d7b3bdb520af4, findElement {using=xpath, value=//td[text()=&apos;John&apos;]}]
Capabilities {acceptInsecureCerts: false, browserName: chrome, browserVersion: 119.0.6045.160, chrome: {chromedriverVersion: 119.0.6045.105 (38c72552c5e..., userDataDir: C:\Users\lenovo\AppData\Loc...}, fedcm:accounts: true, goog:chromeOptions: {debuggerAddress: localhost:56038}, networkConnectionEnabled: false, pageLoadStrategy: normal, platformName: windows, proxy: Proxy(), se:cdp: ws://localhost:56038/devtoo..., se:cdpVersion: 119.0.6045.160, setWindowRect: true, strictFileInteractability: false, timeouts: {implicit: 0, pageLoad: 300000, script: 30000}, unhandledPromptBehavior: dismiss and notify, webauthn:extension:credBlob: true, webauthn:extension:largeBlob: true, webauthn:extension:minPinLength: true, webauthn:extension:prf: true, webauthn:virtualAuthenticators: true}
Session ID: 783487dcc8f1562b6b0d7b3bdb520af4
	at org.openqa.selenium.remote.codec.w3c.W3CHttpResponseCodec.createException(W3CHttpResponseCodec.java:200)
	at org.openqa.selenium.remote.codec.w3c.W3CHttpResponseCodec.decode(W3CHttpResponseCodec.java:133)
	at org.openqa.selenium.remote.codec.w3c.W3CHttpResponseCodec.decode(W3CHttpResponseCodec.java:52)
	at org.openqa.selenium.remote.HttpCommandExecutor.execute(HttpCommandExecutor.java:191)
	at org.openqa.selenium.remote.service.DriverCommandExecutor.invokeExecute(DriverCommandExecutor.java:200)
	at org.openqa.selenium.remote.service.DriverCommandExecutor.execute(DriverCommandExecutor.java:175)
	at org.openqa.selenium.remote.RemoteWebDriver.execute(RemoteWebDriver.java:602)
	at org.openqa.selenium.remote.ElementLocation$ElementFinder$2.findElement(ElementLocation.java:165)
	at org.openqa.selenium.remote.ElementLocation.findElement(ElementLocation.java:59)
	at org.openqa.selenium.remote.RemoteWebDriver.findElement(RemoteWebDriver.java:359)
	at org.openqa.selenium.remote.RemoteWebDriver.findElement(RemoteWebDriver.java:353)
	at com.purna.stepdefinitions.Supplier_stepdefinition.supplier_should_be_created(Supplier_stepdefinition.java:72)
	at ?.Supplier should be created(file:///C:/Users/lenovo/web-ui-bdd-framework/src/test/resources/features/Supplier.feature:14)
... Removed 5 stack frames</pre></div><a href='#' onClick='toggleBox("stack-trace2142881090", this, "Click to show all stack frames", "Click to hide stack frames")'>Click to show all stack frames</a>
<div class='stack-trace' id='stack-trace2142881090'><pre>org.openqa.selenium.NoSuchElementException: no such element: Unable to locate element: {&quot;method&quot;:&quot;xpath&quot;,&quot;selector&quot;:&quot;//td[text()=&apos;John&apos;]&quot;}
  (Session info: chrome=119.0.6045.160)
For documentation on this error, please visit: https://www.selenium.dev/documentation/webdriver/troubleshooting/errors#no-such-element-exception
Build info: version: &apos;4.14.1&apos;, revision: &apos;03f8ede370&apos;
System info: os.name: &apos;Windows 11&apos;, os.arch: &apos;amd64&apos;, os.version: &apos;10.0&apos;, java.version: &apos;17.0.8.1&apos;
Driver info: org.openqa.selenium.chrome.ChromeDriver
Command: [783487dcc8f1562b6b0d7b3bdb520af4, findElement {using=xpath, value=//td[text()=&apos;John&apos;]}]
Capabilities {acceptInsecureCerts: false, browserName: chrome, browserVersion: 119.0.6045.160, chrome: {chromedriverVersion: 119.0.6045.105 (38c72552c5e..., userDataDir: C:\Users\lenovo\AppData\Loc...}, fedcm:accounts: true, goog:chromeOptions: {debuggerAddress: localhost:56038}, networkConnectionEnabled: false, pageLoadStrategy: normal, platformName: windows, proxy: Proxy(), se:cdp: ws://localhost:56038/devtoo..., se:cdpVersion: 119.0.6045.160, setWindowRect: true, strictFileInteractability: false, timeouts: {implicit: 0, pageLoad: 300000, script: 30000}, unhandledPromptBehavior: dismiss and notify, webauthn:extension:credBlob: true, webauthn:extension:largeBlob: true, webauthn:extension:minPinLength: true, webauthn:extension:prf: true, webauthn:virtualAuthenticators: true}
Session ID: 783487dcc8f1562b6b0d7b3bdb520af4
	at java.base/jdk.internal.reflect.NativeConstructorAccessorImpl.newInstance0(Native Method)
	at java.base/jdk.internal.reflect.NativeConstructorAccessorImpl.newInstance(NativeConstructorAccessorImpl.java:77)
	at java.base/jdk.internal.reflect.DelegatingConstructorAccessorImpl.newInstance(DelegatingConstructorAccessorImpl.java:45)
	at java.base/java.lang.reflect.Constructor.newInstanceWithCaller(Constructor.java:499)
	at java.base/java.lang.reflect.Constructor.newInstance(Constructor.java:480)
	at org.openqa.selenium.remote.codec.w3c.W3CHttpResponseCodec.createException(W3CHttpResponseCodec.java:200)
	at org.openqa.selenium.remote.codec.w3c.W3CHttpResponseCodec.decode(W3CHttpResponseCodec.java:133)
	at org.openqa.selenium.remote.codec.w3c.W3CHttpResponseCodec.decode(W3CHttpResponseCodec.java:52)
	at org.openqa.selenium.remote.HttpCommandExecutor.execute(HttpCommandExecutor.java:191)
	at org.openqa.selenium.remote.service.DriverCommandExecutor.invokeExecute(DriverCommandExecutor.java:200)
	at org.openqa.selenium.remote.service.DriverCommandExecutor.execute(DriverCommandExecutor.java:175)
	at org.openqa.selenium.remote.RemoteWebDriver.execute(RemoteWebDriver.java:602)
	at org.openqa.selenium.remote.ElementLocation$ElementFinder$2.findElement(ElementLocation.java:165)
	at org.openqa.selenium.remote.ElementLocation.findElement(ElementLocation.java:59)
	at org.openqa.selenium.remote.RemoteWebDriver.findElement(RemoteWebDriver.java:359)
	at org.openqa.selenium.remote.RemoteWebDriver.findElement(RemoteWebDriver.java:353)
	at com.purna.stepdefinitions.Supplier_stepdefinition.supplier_should_be_created(Supplier_stepdefinition.java:72)
	at ?.Supplier should be created(file:///C:/Users/lenovo/web-ui-bdd-framework/src/test/resources/features/Supplier.feature:14)
</pre></div></td>
<td>23</td>
<td>com.purna.runner.RunPurnaTest@15043a2f</td></tr>
<tr>
<td title='com.purna.runner.RunPurnaTest.runScenario()'><b>runScenario</b><br>Test class: com.purna.runner.RunPurnaTest<br>Test method: Runs Cucumber Scenarios<br>Parameters: "Login Scenario one", "Login Verification"</td>
<td><div><pre>java.lang.NullPointerException: Cannot invoke &quot;org.openqa.selenium.WebDriver.manage()&quot; because &quot;this.driver&quot; is null
	at com.purna.libraries.BaseClass.getWebDriver(BaseClass.java:71)
	at com.purna.stepdefinitions.Hooks.setUp(Hooks.java:24)
</pre></div><a href='#' onClick='toggleBox("stack-trace108328155", this, "Click to show all stack frames", "Click to hide stack frames")'>Click to show all stack frames</a>
<div class='stack-trace' id='stack-trace108328155'><pre>java.lang.NullPointerException: Cannot invoke &quot;org.openqa.selenium.WebDriver.manage()&quot; because &quot;this.driver&quot; is null
	at com.purna.libraries.BaseClass.getWebDriver(BaseClass.java:71)
	at com.purna.stepdefinitions.Hooks.setUp(Hooks.java:24)
</pre></div></td>
<td>0</td>
<td>com.purna.runner.RunPurnaTest@15043a2f</td></tr>
</table><p>
</body>
</html>